Arguments: 
  /usr/local/bin/node /usr/local/bin/yarn init

PATH: 
  /usr/local/bin:/usr/bin:/bin:/usr/sbin:/sbin

Yarn version: 
  1.22.4

Node version: 
  8.12.0

Platform: 
  darwin x64

Trace: 
  Error: canceled
      at Interface.<anonymous> (/usr/local/lib/node_modules/yarn/lib/cli.js:137008:13)
      at emitNone (events.js:106:13)
      at Interface.emit (events.js:208:7)
      at Interface._ttyWrite (readline.js:774:16)
      at ReadStream.onkeypress (readline.js:158:10)
      at emitTwo (events.js:126:13)
      at ReadStream.emit (events.js:214:7)
      at emitKeys (internal/readline.js:420:14)
      at emitKeys.next (<anonymous>)
      at ReadStream.onData (readline.js:1010:36)

npm manifest: 
  {
    "name": "wkc-test",
    "version": "0.0.3",
    "description": "UI框架",
    "main": "dist/index.js",
    "scripts": {
      "dev-test": "parcel watch test/* --no-cache & karma start",
      "test": "parcel build test/* --no-cache --no-minify && karma start --single-run",
      "docs:dev": "vuepress dev docs",
      "docs:build": "vuepress build docs"
    },
    "repository": {
      "type": "git",
      "url": "git+https://github.com/Jiansitewang/Components-practice.git"
    },
    "keywords": [
      "vue",
      "ui"
    ],
    "author": "Jiansitewang",
    "license": "MIT",
    "bugs": {
      "url": "https://github.com/Jiansitewang/Components-practice/issues"
    },
    "homepage": "https://github.com/Jiansitewang/Components-practice#readme",
    "dependencies": {
      "vue": "^2.6.11",
      "vue-hot-reload-api": "^2.3.3"
    },
    "devDependencies": {
      "@vue/component-compiler-utils": "^2.6.0",
      "chai": "^4.2.0",
      "chai-spies": "^1.0.0",
      "karma": "^4.0.1",
      "karma-chai": "^0.1.0",
      "karma-chai-spies": "^0.1.4",
      "karma-chrome-launcher": "^2.2.0",
      "karma-mocha": "^1.3.0",
      "karma-sinon-chai": "^2.0.2",
      "mocha": "^6.0.2",
      "parcel-bundler": "^1.11.0",
      "sass": "^1.17.2",
      "sinon": "^7.2.7",
      "sinon-chai": "^3.3.0",
      "vue-template-compiler": "^2.6.7",
      "vuepress": "^1.5.2"
    },
    "alias": {
      "vue": "./node_modules/vue/dist/vue.common.js"
    }
  }

yarn manifest: 
  No manifest

Lockfile: 
  No lockfile
